mode: set
github.com/chenwei67/eapi/analyzer.go:32.44,52.2 6 0
github.com/chenwei67/eapi/analyzer.go:54.56,55.33 1 0
github.com/chenwei67/eapi/analyzer.go:55.33,57.17 2 0
github.com/chenwei67/eapi/analyzer.go:57.17,58.89 1 0
github.com/chenwei67/eapi/analyzer.go:62.2,63.10 2 0
github.com/chenwei67/eapi/analyzer.go:66.58,69.2 2 0
github.com/chenwei67/eapi/analyzer.go:71.58,74.2 2 0
github.com/chenwei67/eapi/analyzer.go:76.58,79.25 2 0
github.com/chenwei67/eapi/analyzer.go:79.25,80.50 1 0
github.com/chenwei67/eapi/analyzer.go:83.2,84.16 2 0
github.com/chenwei67/eapi/analyzer.go:84.16,85.48 1 0
github.com/chenwei67/eapi/analyzer.go:87.2,90.15 2 0
github.com/chenwei67/eapi/analyzer.go:90.15,91.31 1 0
github.com/chenwei67/eapi/analyzer.go:91.31,93.12 2 0
github.com/chenwei67/eapi/analyzer.go:97.2,102.40 5 0
github.com/chenwei67/eapi/analyzer.go:102.40,107.30 4 0
github.com/chenwei67/eapi/analyzer.go:107.30,111.4 3 0
github.com/chenwei67/eapi/analyzer.go:112.3,115.32 3 0
github.com/chenwei67/eapi/analyzer.go:115.32,118.57 3 0
github.com/chenwei67/eapi/analyzer.go:118.57,120.42 2 0
github.com/chenwei67/eapi/analyzer.go:120.42,123.6 2 0
github.com/chenwei67/eapi/analyzer.go:124.5,125.57 2 0
github.com/chenwei67/eapi/analyzer.go:125.57,128.6 2 0
github.com/chenwei67/eapi/analyzer.go:129.5,129.14 1 0
github.com/chenwei67/eapi/analyzer.go:129.14,131.6 1 0
github.com/chenwei67/eapi/analyzer.go:133.5,135.43 3 0
github.com/chenwei67/eapi/analyzer.go:135.43,139.6 3 0
github.com/chenwei67/eapi/analyzer.go:140.5,142.16 2 0
github.com/chenwei67/eapi/analyzer.go:144.4,144.84 1 0
github.com/chenwei67/eapi/analyzer.go:146.3,146.74 1 0
github.com/chenwei67/eapi/analyzer.go:149.2,150.10 2 0
github.com/chenwei67/eapi/analyzer.go:153.33,155.2 1 0
github.com/chenwei67/eapi/analyzer.go:157.34,159.2 1 0
github.com/chenwei67/eapi/analyzer.go:161.57,162.35 1 0
github.com/chenwei67/eapi/analyzer.go:162.35,164.3 1 0
github.com/chenwei67/eapi/analyzer.go:169.63,173.16 3 0
github.com/chenwei67/eapi/analyzer.go:173.16,174.44 1 0
github.com/chenwei67/eapi/analyzer.go:176.2,179.15 2 0
github.com/chenwei67/eapi/analyzer.go:179.15,180.31 1 0
github.com/chenwei67/eapi/analyzer.go:180.31,182.12 2 0
github.com/chenwei67/eapi/analyzer.go:186.2,206.16 6 0
github.com/chenwei67/eapi/analyzer.go:206.16,208.48 2 0
github.com/chenwei67/eapi/analyzer.go:210.2,213.26 2 0
github.com/chenwei67/eapi/analyzer.go:213.26,215.22 2 0
github.com/chenwei67/eapi/analyzer.go:215.22,217.4 1 0
github.com/chenwei67/eapi/analyzer.go:217.9,219.4 1 0
github.com/chenwei67/eapi/analyzer.go:220.3,221.24 2 0
github.com/chenwei67/eapi/analyzer.go:221.24,223.4 1 0
github.com/chenwei67/eapi/analyzer.go:227.2,227.26 1 0
github.com/chenwei67/eapi/analyzer.go:227.26,228.55 1 0
github.com/chenwei67/eapi/analyzer.go:228.55,231.21 3 0
github.com/chenwei67/eapi/analyzer.go:231.21,233.55 2 0
github.com/chenwei67/eapi/analyzer.go:235.4,238.52 4 0
github.com/chenwei67/eapi/analyzer.go:242.2,243.37 2 0
github.com/chenwei67/eapi/analyzer.go:246.85,248.22 2 0
github.com/chenwei67/eapi/analyzer.go:248.22,250.3 1 0
github.com/chenwei67/eapi/analyzer.go:251.2,253.45 2 0
github.com/chenwei67/eapi/analyzer.go:253.45,254.30 1 0
github.com/chenwei67/eapi/analyzer.go:255.22,257.16 2 0
github.com/chenwei67/eapi/analyzer.go:258.23,260.16 2 0
github.com/chenwei67/eapi/analyzer.go:263.3,264.14 2 0
github.com/chenwei67/eapi/analyzer.go:268.101,270.22 2 0
github.com/chenwei67/eapi/analyzer.go:270.22,272.3 1 0
github.com/chenwei67/eapi/analyzer.go:273.2,275.45 2 0
github.com/chenwei67/eapi/analyzer.go:275.45,276.30 1 0
github.com/chenwei67/eapi/analyzer.go:277.23,279.16 2 0
github.com/chenwei67/eapi/analyzer.go:282.3,283.14 2 0
github.com/chenwei67/eapi/analyzer.go:287.84,291.15 2 0
github.com/chenwei67/eapi/analyzer.go:291.15,292.31 1 0
github.com/chenwei67/eapi/analyzer.go:292.31,294.12 2 0
github.com/chenwei67/eapi/analyzer.go:298.2,299.55 2 0
github.com/chenwei67/eapi/analyzer.go:299.55,301.40 2 0
github.com/chenwei67/eapi/analyzer.go:301.40,304.4 2 0
github.com/chenwei67/eapi/analyzer.go:305.3,307.24 2 0
github.com/chenwei67/eapi/analyzer.go:307.24,310.37 3 0
github.com/chenwei67/eapi/analyzer.go:310.37,311.47 1 0
github.com/chenwei67/eapi/analyzer.go:311.47,313.11 2 0
github.com/chenwei67/eapi/analyzer.go:316.4,316.14 1 0
github.com/chenwei67/eapi/analyzer.go:316.14,319.5 2 0
github.com/chenwei67/eapi/analyzer.go:320.4,320.93 1 0
github.com/chenwei67/eapi/analyzer.go:321.9,323.79 2 0
github.com/chenwei67/eapi/analyzer.go:323.79,326.5 2 0
github.com/chenwei67/eapi/analyzer.go:327.4,327.90 1 0
github.com/chenwei67/eapi/analyzer.go:330.3,331.41 2 0
github.com/chenwei67/eapi/analyzer.go:331.41,333.47 2 0
github.com/chenwei67/eapi/analyzer.go:333.47,334.32 1 0
github.com/chenwei67/eapi/analyzer.go:335.24,338.18 3 0
github.com/chenwei67/eapi/analyzer.go:339.24,342.18 3 0
github.com/chenwei67/eapi/analyzer.go:343.23,344.33 1 0
github.com/chenwei67/eapi/analyzer.go:344.33,348.7 3 0
github.com/chenwei67/eapi/analyzer.go:349.6,349.17 1 0
github.com/chenwei67/eapi/analyzer.go:351.5,351.16 1 0
github.com/chenwei67/eapi/analyzer.go:353.4,353.77 1 0
github.com/chenwei67/eapi/analyzer.go:355.3,356.14 2 0
github.com/chenwei67/eapi/analyzer.go:358.2,358.76 1 0
github.com/chenwei67/eapi/analyzer.go:369.97,370.34 1 0
github.com/chenwei67/eapi/analyzer.go:370.34,372.10 2 0
github.com/chenwei67/eapi/analyzer.go:372.10,373.12 1 0
github.com/chenwei67/eapi/analyzer.go:375.3,375.40 1 0
github.com/chenwei67/eapi/analyzer.go:375.40,378.11 3 0
github.com/chenwei67/eapi/analyzer.go:378.11,379.13 1 0
github.com/chenwei67/eapi/analyzer.go:381.4,382.11 2 0
github.com/chenwei67/eapi/analyzer.go:382.11,383.13 1 0
github.com/chenwei67/eapi/analyzer.go:385.4,386.30 2 0
github.com/chenwei67/eapi/analyzer.go:386.30,387.13 1 0
github.com/chenwei67/eapi/analyzer.go:389.4,390.18 2 0
github.com/chenwei67/eapi/analyzer.go:390.18,391.13 1 0
github.com/chenwei67/eapi/analyzer.go:393.4,396.51 4 0
github.com/chenwei67/eapi/analyzer.go:401.104,403.22 2 0
github.com/chenwei67/eapi/analyzer.go:403.22,405.3 1 0
github.com/chenwei67/eapi/analyzer.go:406.2,410.33 3 0
github.com/chenwei67/eapi/analyzer.go:410.33,411.46 1 0
github.com/chenwei67/eapi/analyzer.go:411.46,412.31 1 0
github.com/chenwei67/eapi/analyzer.go:413.24,415.17 2 0
github.com/chenwei67/eapi/analyzer.go:418.4,419.15 2 0
github.com/chenwei67/eapi/analyzer.go:424.67,426.20 2 0
github.com/chenwei67/eapi/analyzer.go:426.20,427.42 1 0
github.com/chenwei67/eapi/analyzer.go:430.2,431.16 2 0
github.com/chenwei67/eapi/analyzer.go:431.16,432.25 1 0
github.com/chenwei67/eapi/analyzer.go:432.25,434.4 1 0
github.com/chenwei67/eapi/analyzer.go:435.3,435.13 1 0
github.com/chenwei67/eapi/analyzer.go:438.2,439.16 2 0
github.com/chenwei67/eapi/analyzer.go:439.16,440.79 1 0
github.com/chenwei67/eapi/analyzer.go:443.2,449.3 1 0
github.com/chenwei67/eapi/analyzer.go:452.69,453.6 1 0
github.com/chenwei67/eapi/analyzer.go:453.6,456.17 3 0
github.com/chenwei67/eapi/analyzer.go:456.17,458.4 1 0
github.com/chenwei67/eapi/analyzer.go:459.3,461.19 3 0
github.com/chenwei67/eapi/analyzer.go:461.19,462.9 1 0
github.com/chenwei67/eapi/analyzer.go:466.2,466.15 1 0
github.com/chenwei67/eapi/analyzer.go:469.39,471.2 1 0
github.com/chenwei67/eapi/analyzer.go:473.45,476.29 2 0
github.com/chenwei67/eapi/analyzer.go:476.29,478.18 2 0
github.com/chenwei67/eapi/analyzer.go:478.18,480.4 1 0
github.com/chenwei67/eapi/analyzer.go:481.3,482.36 2 0
github.com/chenwei67/eapi/comment.go:20.33,21.14 1 0
github.com/chenwei67/eapi/comment.go:21.14,23.3 1 0
github.com/chenwei67/eapi/comment.go:24.2,24.15 1 0
github.com/chenwei67/eapi/comment.go:27.41,28.32 1 0
github.com/chenwei67/eapi/comment.go:28.32,30.3 1 0
github.com/chenwei67/eapi/comment.go:31.2,31.16 1 0
github.com/chenwei67/eapi/comment.go:35.52,36.14 1 0
github.com/chenwei67/eapi/comment.go:36.14,38.3 1 0
github.com/chenwei67/eapi/comment.go:39.2,39.43 1 0
github.com/chenwei67/eapi/comment.go:42.35,43.14 1 0
github.com/chenwei67/eapi/comment.go:43.14,45.3 1 0
github.com/chenwei67/eapi/comment.go:47.2,47.34 1 0
github.com/chenwei67/eapi/comment.go:47.34,48.38 1 0
github.com/chenwei67/eapi/comment.go:48.38,50.4 1 0
github.com/chenwei67/eapi/comment.go:52.2,52.14 1 0
github.com/chenwei67/eapi/comment.go:55.37,56.14 1 0
github.com/chenwei67/eapi/comment.go:56.14,58.3 1 0
github.com/chenwei67/eapi/comment.go:59.2,59.34 1 0
github.com/chenwei67/eapi/comment.go:59.34,60.40 1 0
github.com/chenwei67/eapi/comment.go:60.40,62.4 1 0
github.com/chenwei67/eapi/comment.go:64.2,64.14 1 0
github.com/chenwei67/eapi/comment.go:67.57,68.31 1 0
github.com/chenwei67/eapi/comment.go:68.31,70.3 1 0
github.com/chenwei67/eapi/comment.go:71.2,71.22 1 0
github.com/chenwei67/eapi/comment.go:71.22,75.3 3 0
github.com/chenwei67/eapi/comment.go:77.2,78.18 2 0
github.com/chenwei67/eapi/comment.go:78.18,80.3 1 0
github.com/chenwei67/eapi/comment.go:81.2,82.35 2 0
github.com/chenwei67/eapi/comment.go:85.39,87.38 2 0
github.com/chenwei67/eapi/comment.go:87.38,89.9 2 0
github.com/chenwei67/eapi/comment.go:89.9,91.4 1 0
github.com/chenwei67/eapi/comment.go:93.2,93.12 1 0
github.com/chenwei67/eapi/comment.go:96.39,98.38 2 0
github.com/chenwei67/eapi/comment.go:98.38,100.9 2 0
github.com/chenwei67/eapi/comment.go:100.9,102.4 1 0
github.com/chenwei67/eapi/comment.go:104.2,104.21 1 0
github.com/chenwei67/eapi/comment.go:107.35,108.14 1 0
github.com/chenwei67/eapi/comment.go:108.14,110.3 1 0
github.com/chenwei67/eapi/comment.go:112.2,113.38 2 0
github.com/chenwei67/eapi/comment.go:113.38,115.9 2 0
github.com/chenwei67/eapi/comment.go:115.9,117.4 1 0
github.com/chenwei67/eapi/comment.go:119.2,119.12 1 0
github.com/chenwei67/eapi/comment.go:122.33,123.14 1 0
github.com/chenwei67/eapi/comment.go:123.14,125.3 1 0
github.com/chenwei67/eapi/comment.go:126.2,126.38 1 0
github.com/chenwei67/eapi/comment.go:126.38,127.40 1 0
github.com/chenwei67/eapi/comment.go:127.40,129.4 1 0
github.com/chenwei67/eapi/comment.go:131.2,131.14 1 0
github.com/chenwei67/eapi/comment.go:134.36,135.14 1 0
github.com/chenwei67/eapi/comment.go:135.14,137.3 1 0
github.com/chenwei67/eapi/comment.go:138.2,138.38 1 0
github.com/chenwei67/eapi/comment.go:138.38,140.9 2 0
github.com/chenwei67/eapi/comment.go:140.9,142.4 1 0
github.com/chenwei67/eapi/comment.go:144.2,144.11 1 0
github.com/chenwei67/eapi/comment.go:147.31,148.14 1 0
github.com/chenwei67/eapi/comment.go:148.14,150.3 1 0
github.com/chenwei67/eapi/comment.go:151.2,151.38 1 0
github.com/chenwei67/eapi/comment.go:151.38,153.9 2 0
github.com/chenwei67/eapi/comment.go:153.9,155.4 1 0
github.com/chenwei67/eapi/comment.go:157.2,157.11 1 0
github.com/chenwei67/eapi/comment.go:160.57,161.14 1 0
github.com/chenwei67/eapi/comment.go:161.14,163.3 1 0
github.com/chenwei67/eapi/comment.go:165.2,165.66 1 0
github.com/chenwei67/eapi/comment.go:168.113,170.36 2 0
github.com/chenwei67/eapi/comment.go:170.36,172.9 2 0
github.com/chenwei67/eapi/comment.go:172.9,174.4 1 0
github.com/chenwei67/eapi/comment.go:176.2,176.20 1 0
github.com/chenwei67/eapi/comment.go:176.20,178.3 1 0
github.com/chenwei67/eapi/comment.go:180.2,180.12 1 0
github.com/chenwei67/eapi/comment.go:183.81,185.2 1 0
github.com/chenwei67/eapi/comment.go:187.106,188.25 1 0
github.com/chenwei67/eapi/comment.go:188.25,190.3 1 0
github.com/chenwei67/eapi/comment.go:191.2,194.44 4 0
github.com/chenwei67/eapi/comment.go:194.44,196.17 2 0
github.com/chenwei67/eapi/comment.go:196.17,199.18 3 0
github.com/chenwei67/eapi/comment.go:199.18,201.5 1 0
github.com/chenwei67/eapi/comment.go:201.10,203.5 1 0
github.com/chenwei67/eapi/comment.go:204.4,204.12 1 0
github.com/chenwei67/eapi/comment.go:206.3,206.19 1 0
github.com/chenwei67/eapi/comment.go:206.19,209.10 3 0
github.com/chenwei67/eapi/comment.go:209.10,211.5 1 0
github.com/chenwei67/eapi/comment.go:212.9,215.4 2 0
github.com/chenwei67/eapi/comment.go:218.2,218.27 1 0
github.com/chenwei67/eapi/comment.go:218.27,220.88 1 0
github.com/chenwei67/eapi/comment.go:220.88,220.105 1 0
github.com/chenwei67/eapi/comment.go:222.2,223.10 2 0
github.com/chenwei67/eapi/context.go:26.64,31.2 1 0
github.com/chenwei67/eapi/context.go:33.63,37.2 3 0
github.com/chenwei67/eapi/context.go:39.53,43.2 3 0
github.com/chenwei67/eapi/context.go:45.36,50.2 4 0
github.com/chenwei67/eapi/context.go:52.48,54.2 1 0
github.com/chenwei67/eapi/context.go:56.47,58.2 1 1
github.com/chenwei67/eapi/context.go:60.36,62.2 1 0
github.com/chenwei67/eapi/context.go:64.52,66.2 1 0
github.com/chenwei67/eapi/context.go:68.62,70.2 1 0
github.com/chenwei67/eapi/context.go:72.54,73.23 1 0
github.com/chenwei67/eapi/context.go:74.22,75.31 1 0
github.com/chenwei67/eapi/context.go:76.20,77.27 1 0
github.com/chenwei67/eapi/context.go:77.27,79.4 1 0
github.com/chenwei67/eapi/context.go:80.3,80.63 1 0
github.com/chenwei67/eapi/context.go:81.20,82.51 1 0
github.com/chenwei67/eapi/context.go:85.2,85.12 1 0
github.com/chenwei67/eapi/context.go:88.33,90.2 1 0
github.com/chenwei67/eapi/context.go:92.41,94.2 1 0
github.com/chenwei67/eapi/context.go:96.56,97.33 1 0
github.com/chenwei67/eapi/context.go:98.25,99.39 1 0
github.com/chenwei67/eapi/context.go:100.18,102.17 2 0
github.com/chenwei67/eapi/context.go:102.17,103.9 1 0
github.com/chenwei67/eapi/context.go:105.3,106.10 2 0
github.com/chenwei67/eapi/context.go:106.10,107.9 1 0
github.com/chenwei67/eapi/context.go:109.3,110.17 2 0
github.com/chenwei67/eapi/context.go:110.17,111.9 1 0
github.com/chenwei67/eapi/context.go:113.3,113.25 1 0
github.com/chenwei67/eapi/context.go:115.21,117.17 2 0
github.com/chenwei67/eapi/context.go:117.17,119.9 2 0
github.com/chenwei67/eapi/context.go:121.3,121.19 1 0
github.com/chenwei67/eapi/context.go:123.10,125.64 1 0
github.com/chenwei67/eapi/context.go:129.2,132.12 2 0
github.com/chenwei67/eapi/context.go:135.86,137.2 1 0
github.com/chenwei67/eapi/context.go:139.72,140.21 1 0
github.com/chenwei67/eapi/context.go:140.21,142.3 1 0
github.com/chenwei67/eapi/context.go:144.2,145.49 2 0
github.com/chenwei67/eapi/context.go:145.49,148.69 3 0
github.com/chenwei67/eapi/context.go:148.69,150.4 1 0
github.com/chenwei67/eapi/context.go:153.2,153.12 1 0
github.com/chenwei67/eapi/context.go:156.73,157.21 1 0
github.com/chenwei67/eapi/context.go:157.21,159.3 1 0
github.com/chenwei67/eapi/context.go:161.2,162.49 2 0
github.com/chenwei67/eapi/context.go:162.49,164.39 2 0
github.com/chenwei67/eapi/context.go:164.39,166.4 1 0
github.com/chenwei67/eapi/context.go:169.2,169.12 1 0
github.com/chenwei67/eapi/context.go:172.32,174.2 1 0
github.com/chenwei67/eapi/context.go:176.37,180.2 3 0
github.com/chenwei67/eapi/context.go:183.67,185.2 1 0
github.com/chenwei67/eapi/context.go:188.66,190.2 1 0
github.com/chenwei67/eapi/context.go:196.30,200.2 3 0
github.com/chenwei67/eapi/context.go:202.75,205.2 2 0
github.com/chenwei67/eapi/context.go:207.117,209.9 2 0
github.com/chenwei67/eapi/context.go:209.9,211.3 1 0
github.com/chenwei67/eapi/context.go:213.2,214.16 2 0
github.com/chenwei67/eapi/context.go:214.16,216.3 1 0
github.com/chenwei67/eapi/context.go:218.2,218.44 1 0
github.com/chenwei67/eapi/context.go:218.44,219.34 1 0
github.com/chenwei67/eapi/context.go:219.34,220.60 1 0
github.com/chenwei67/eapi/context.go:220.60,222.5 1 0
github.com/chenwei67/eapi/context.go:226.2,226.8 1 0
github.com/chenwei67/eapi/context.go:229.62,231.32 2 0
github.com/chenwei67/eapi/context.go:232.18,233.51 1 0
github.com/chenwei67/eapi/context.go:234.25,235.55 1 0
github.com/chenwei67/eapi/context.go:236.10,237.13 1 0
github.com/chenwei67/eapi/context.go:239.2,240.9 2 0
github.com/chenwei67/eapi/context.go:240.9,242.3 1 0
github.com/chenwei67/eapi/context.go:243.2,243.11 1 0
github.com/chenwei67/eapi/context.go:254.67,255.26 1 1
github.com/chenwei67/eapi/context.go:256.21,257.32 1 1
github.com/chenwei67/eapi/context.go:258.26,261.19 2 1
github.com/chenwei67/eapi/context.go:261.19,263.5 1 0
github.com/chenwei67/eapi/context.go:265.4,265.31 1 1
github.com/chenwei67/eapi/context.go:266.20,267.52 1 1
github.com/chenwei67/eapi/context.go:267.52,269.18 2 1
github.com/chenwei67/eapi/context.go:269.18,271.7 1 0
github.com/chenwei67/eapi/context.go:272.6,272.70 1 1
github.com/chenwei67/eapi/context.go:274.5,274.39 1 1
github.com/chenwei67/eapi/context.go:275.27,276.24 1 0
github.com/chenwei67/eapi/context.go:276.24,278.18 2 0
github.com/chenwei67/eapi/context.go:278.18,280.7 1 0
github.com/chenwei67/eapi/context.go:281.6,281.70 1 0
github.com/chenwei67/eapi/context.go:283.23,284.36 1 0
github.com/chenwei67/eapi/context.go:285.21,286.28 1 0
github.com/chenwei67/eapi/context.go:286.28,288.19 2 0
github.com/chenwei67/eapi/context.go:288.19,290.8 1 0
github.com/chenwei67/eapi/context.go:291.7,291.71 1 0
github.com/chenwei67/eapi/context.go:293.6,293.25 1 0
github.com/chenwei67/eapi/context.go:293.25,294.43 1 0
github.com/chenwei67/eapi/context.go:295.26,297.43 2 0
github.com/chenwei67/eapi/context.go:297.43,299.24 2 0
github.com/chenwei67/eapi/context.go:299.24,301.22 2 0
github.com/chenwei67/eapi/context.go:301.22,303.11 1 0
github.com/chenwei67/eapi/context.go:304.10,304.74 1 0
github.com/chenwei67/eapi/context.go:311.19,314.19 2 1
github.com/chenwei67/eapi/context.go:314.19,316.5 1 0
github.com/chenwei67/eapi/context.go:318.4,318.41 1 1
github.com/chenwei67/eapi/context.go:322.2,322.60 1 1
github.com/chenwei67/eapi/context.go:325.75,329.9 4 1
github.com/chenwei67/eapi/context.go:329.9,331.3 1 1
github.com/chenwei67/eapi/context.go:332.2,333.8 2 0
github.com/chenwei67/eapi/context.go:336.73,338.2 1 0
github.com/chenwei67/eapi/definition.go:28.99,30.2 1 0
github.com/chenwei67/eapi/definition.go:32.39,33.34 1 0
github.com/chenwei67/eapi/definition.go:33.34,35.36 2 0
github.com/chenwei67/eapi/definition.go:36.19,37.64 1 0
github.com/chenwei67/eapi/definition.go:38.22,39.27 1 0
github.com/chenwei67/eapi/definition.go:40.20,41.71 1 0
github.com/chenwei67/eapi/definition.go:42.24,45.12 2 0
github.com/chenwei67/eapi/definition.go:45.12,47.6 1 0
github.com/chenwei67/eapi/definition.go:48.5,48.72 1 0
github.com/chenwei67/eapi/definition.go:49.12,50.93 1 0
github.com/chenwei67/eapi/definition.go:52.23,54.13 1 0
github.com/chenwei67/eapi/definition.go:55.11,56.92 1 0
github.com/chenwei67/eapi/definition.go:60.2,60.47 1 0
github.com/chenwei67/eapi/definition.go:63.50,65.2 1 0
github.com/chenwei67/eapi/definition.go:67.43,69.2 1 0
github.com/chenwei67/eapi/definition.go:71.40,71.41 0 0
github.com/chenwei67/eapi/definition.go:85.99,87.2 1 0
github.com/chenwei67/eapi/definition.go:89.40,89.41 0 0
github.com/chenwei67/eapi/definition.go:91.50,93.2 1 0
github.com/chenwei67/eapi/definition.go:95.43,97.2 1 0
github.com/chenwei67/eapi/definition.go:99.39,101.2 1 0
github.com/chenwei67/eapi/definition.go:103.71,108.23 5 0
github.com/chenwei67/eapi/definition.go:108.23,111.36 3 0
github.com/chenwei67/eapi/definition.go:111.36,114.4 2 0
github.com/chenwei67/eapi/definition.go:115.3,115.22 1 0
github.com/chenwei67/eapi/definition.go:117.2,117.20 1 0
github.com/chenwei67/eapi/definition.go:120.69,122.2 1 0
github.com/chenwei67/eapi/definition.go:126.43,128.13 2 0
github.com/chenwei67/eapi/definition.go:128.13,130.3 1 0
github.com/chenwei67/eapi/definition.go:133.50,135.2 1 0
github.com/chenwei67/eapi/entrypoint.go:38.48,39.21 1 0
github.com/chenwei67/eapi/entrypoint.go:39.21,41.3 1 0
github.com/chenwei67/eapi/entrypoint.go:42.2,42.19 1 0
github.com/chenwei67/eapi/entrypoint.go:42.19,43.27 1 0
github.com/chenwei67/eapi/entrypoint.go:43.27,45.4 1 0
github.com/chenwei67/eapi/entrypoint.go:46.3,46.25 1 0
github.com/chenwei67/eapi/entrypoint.go:46.25,48.4 1 0
github.com/chenwei67/eapi/entrypoint.go:49.3,49.31 1 0
github.com/chenwei67/eapi/entrypoint.go:49.31,51.4 1 0
github.com/chenwei67/eapi/entrypoint.go:52.3,52.34 1 0
github.com/chenwei67/eapi/entrypoint.go:52.34,54.4 1 0
github.com/chenwei67/eapi/entrypoint.go:56.2,56.30 1 0
github.com/chenwei67/eapi/entrypoint.go:56.30,58.48 2 0
github.com/chenwei67/eapi/entrypoint.go:58.48,60.4 1 0
github.com/chenwei67/eapi/entrypoint.go:77.51,88.2 1 0
github.com/chenwei67/eapi/entrypoint.go:100.41,128.62 9 0
github.com/chenwei67/eapi/entrypoint.go:128.62,131.4 2 0
github.com/chenwei67/eapi/entrypoint.go:133.2,158.16 7 0
github.com/chenwei67/eapi/entrypoint.go:158.16,161.3 2 0
github.com/chenwei67/eapi/entrypoint.go:164.51,166.15 2 0
github.com/chenwei67/eapi/entrypoint.go:166.15,168.38 2 0
github.com/chenwei67/eapi/entrypoint.go:168.38,170.4 1 0
github.com/chenwei67/eapi/entrypoint.go:172.2,172.15 1 0
github.com/chenwei67/eapi/entrypoint.go:172.15,174.17 2 0
github.com/chenwei67/eapi/entrypoint.go:174.17,176.4 1 0
github.com/chenwei67/eapi/entrypoint.go:177.3,178.17 2 0
github.com/chenwei67/eapi/entrypoint.go:178.17,180.4 1 0
github.com/chenwei67/eapi/entrypoint.go:183.2,183.24 1 0
github.com/chenwei67/eapi/entrypoint.go:183.24,185.3 1 0
github.com/chenwei67/eapi/entrypoint.go:186.2,186.21 1 0
github.com/chenwei67/eapi/entrypoint.go:186.21,188.3 1 0
github.com/chenwei67/eapi/entrypoint.go:189.2,189.24 1 0
github.com/chenwei67/eapi/entrypoint.go:189.24,191.3 1 0
github.com/chenwei67/eapi/entrypoint.go:194.2,198.12 4 0
github.com/chenwei67/eapi/entrypoint.go:201.51,203.2 1 0
github.com/chenwei67/eapi/entrypoint.go:205.48,209.16 3 0
github.com/chenwei67/eapi/entrypoint.go:209.16,211.3 1 0
github.com/chenwei67/eapi/entrypoint.go:213.2,213.30 1 0
github.com/chenwei67/eapi/entrypoint.go:213.30,214.31 1 0
github.com/chenwei67/eapi/entrypoint.go:214.31,216.9 2 0
github.com/chenwei67/eapi/entrypoint.go:219.2,219.19 1 0
github.com/chenwei67/eapi/entrypoint.go:219.19,221.3 1 0
github.com/chenwei67/eapi/entrypoint.go:223.2,224.16 2 0
github.com/chenwei67/eapi/entrypoint.go:224.16,226.3 1 0
github.com/chenwei67/eapi/entrypoint.go:227.2,227.19 1 0
github.com/chenwei67/eapi/entrypoint.go:227.19,229.3 1 0
github.com/chenwei67/eapi/entrypoint.go:231.2,232.16 2 0
github.com/chenwei67/eapi/entrypoint.go:232.16,234.3 1 0
github.com/chenwei67/eapi/entrypoint.go:235.2,236.22 2 0
github.com/chenwei67/eapi/entrypoint.go:236.22,238.3 1 0
github.com/chenwei67/eapi/entrypoint.go:239.2,255.2 11 0
github.com/chenwei67/eapi/entrypoint.go:255.2,257.17 2 0
github.com/chenwei67/eapi/entrypoint.go:257.17,259.4 1 0
github.com/chenwei67/eapi/entrypoint.go:260.3,261.17 2 0
github.com/chenwei67/eapi/entrypoint.go:261.17,263.4 1 0
github.com/chenwei67/eapi/entrypoint.go:267.2,267.42 1 0
github.com/chenwei67/eapi/entrypoint.go:267.42,271.33 1 0
github.com/chenwei67/eapi/entrypoint.go:271.33,274.12 3 0
github.com/chenwei67/eapi/entrypoint.go:274.12,276.6 1 0
github.com/chenwei67/eapi/entrypoint.go:277.5,277.15 1 0
github.com/chenwei67/eapi/entrypoint.go:281.3,281.17 1 0
github.com/chenwei67/eapi/entrypoint.go:281.17,283.4 1 0
github.com/chenwei67/eapi/entrypoint.go:286.2,286.12 1 0
github.com/chenwei67/eapi/entrypoint.go:289.33,292.38 1 0
github.com/chenwei67/eapi/entrypoint.go:292.38,294.11 2 0
github.com/chenwei67/eapi/entrypoint.go:294.11,298.5 3 0
github.com/chenwei67/eapi/entrypoint.go:299.4,300.14 2 0
github.com/chenwei67/eapi/environment.go:13.55,15.2 1 0
github.com/chenwei67/eapi/environment.go:17.61,20.2 2 0
github.com/chenwei67/eapi/environment.go:22.57,24.16 2 0
github.com/chenwei67/eapi/environment.go:24.16,26.3 1 0
github.com/chenwei67/eapi/environment.go:27.2,27.23 1 0
github.com/chenwei67/eapi/environment.go:30.59,32.8 2 0
github.com/chenwei67/eapi/environment.go:32.8,34.3 1 0
github.com/chenwei67/eapi/environment.go:35.2,35.21 1 0
github.com/chenwei67/eapi/environment.go:35.21,37.3 1 0
github.com/chenwei67/eapi/environment.go:39.2,39.12 1 0
github.com/chenwei67/eapi/environment.go:42.61,44.18 2 0
github.com/chenwei67/eapi/environment.go:44.18,46.3 1 0
github.com/chenwei67/eapi/environment.go:47.2,47.10 1 0
github.com/chenwei67/eapi/environment.go:55.76,57.2 1 0
github.com/chenwei67/eapi/environment.go:59.85,60.22 1 0
github.com/chenwei67/eapi/environment.go:60.22,61.43 1 0
github.com/chenwei67/eapi/environment.go:61.43,62.29 1 0
github.com/chenwei67/eapi/environment.go:62.29,64.5 1 0
github.com/chenwei67/eapi/environment.go:67.2,67.21 1 0
github.com/chenwei67/eapi/environment.go:67.21,69.3 1 0
github.com/chenwei67/eapi/environment.go:70.2,70.12 1 0
github.com/chenwei67/eapi/environment.go:73.93,75.16 2 0
github.com/chenwei67/eapi/environment.go:75.16,77.3 1 0
github.com/chenwei67/eapi/environment.go:78.2,78.86 1 0
github.com/chenwei67/eapi/environment.go:78.86,80.3 1 0
github.com/chenwei67/eapi/environment.go:83.46,84.97 1 0
github.com/chenwei67/eapi/environment.go:84.97,86.3 1 0
github.com/chenwei67/eapi/generator_executor.go:19.138,21.2 1 0
github.com/chenwei67/eapi/generator_executor.go:23.51,27.21 4 0
github.com/chenwei67/eapi/generator_executor.go:27.21,29.3 1 0
github.com/chenwei67/eapi/generator_executor.go:29.8,30.22 1 0
github.com/chenwei67/eapi/generator_executor.go:30.22,32.4 1 0
github.com/chenwei67/eapi/generator_executor.go:33.3,34.10 2 0
github.com/chenwei67/eapi/generator_executor.go:34.10,36.4 1 0
github.com/chenwei67/eapi/generator_executor.go:39.2,40.16 2 0
github.com/chenwei67/eapi/generator_executor.go:40.16,42.3 1 0
github.com/chenwei67/eapi/generator_executor.go:44.2,44.8 1 0
github.com/chenwei67/eapi/generator_executor.go:47.69,48.58 1 0
github.com/chenwei67/eapi/generator_executor.go:48.58,50.3 1 0
github.com/chenwei67/eapi/generator_executor.go:51.2,56.30 2 0
github.com/chenwei67/eapi/generator_executor.go:56.30,60.17 4 0
github.com/chenwei67/eapi/generator_executor.go:60.17,62.4 1 0
github.com/chenwei67/eapi/generator_executor.go:63.3,64.17 2 0
github.com/chenwei67/eapi/generator_executor.go:64.17,66.4 1 0
github.com/chenwei67/eapi/generator_executor.go:67.3,68.17 2 0
github.com/chenwei67/eapi/generator_executor.go:68.17,70.4 1 0
github.com/chenwei67/eapi/generator_executor.go:71.3,71.15 1 0
github.com/chenwei67/eapi/generator_executor.go:73.2,73.12 1 0
github.com/chenwei67/eapi/logger.go:28.35,29.11 1 0
github.com/chenwei67/eapi/logger.go:30.22,31.18 1 0
github.com/chenwei67/eapi/logger.go:32.21,33.17 1 0
github.com/chenwei67/eapi/logger.go:34.20,35.16 1 0
github.com/chenwei67/eapi/logger.go:36.20,37.16 1 0
github.com/chenwei67/eapi/logger.go:38.21,39.17 1 0
github.com/chenwei67/eapi/logger.go:40.10,41.19 1 0
github.com/chenwei67/eapi/logger.go:46.43,47.32 1 0
github.com/chenwei67/eapi/logger.go:48.16,49.24 1 0
github.com/chenwei67/eapi/logger.go:50.15,51.23 1 0
github.com/chenwei67/eapi/logger.go:52.25,53.22 1 0
github.com/chenwei67/eapi/logger.go:54.14,55.22 1 0
github.com/chenwei67/eapi/logger.go:56.15,57.23 1 0
github.com/chenwei67/eapi/logger.go:58.10,59.22 1 0
github.com/chenwei67/eapi/logger.go:74.40,82.2 1 1
github.com/chenwei67/eapi/logger.go:85.43,87.2 1 0
github.com/chenwei67/eapi/logger.go:90.41,92.2 1 0
github.com/chenwei67/eapi/logger.go:95.46,97.2 1 0
github.com/chenwei67/eapi/logger.go:100.47,102.2 1 0
github.com/chenwei67/eapi/logger.go:105.47,107.2 1 0
github.com/chenwei67/eapi/logger.go:110.45,112.2 1 0
github.com/chenwei67/eapi/logger.go:115.69,118.17 2 0
github.com/chenwei67/eapi/logger.go:118.17,120.3 1 0
github.com/chenwei67/eapi/logger.go:122.2,122.32 1 0
github.com/chenwei67/eapi/logger.go:122.32,124.3 1 0
github.com/chenwei67/eapi/logger.go:124.8,126.3 1 0
github.com/chenwei67/eapi/logger.go:128.2,129.33 2 0
github.com/chenwei67/eapi/logger.go:133.60,134.29 1 0
github.com/chenwei67/eapi/logger.go:134.29,136.3 1 0
github.com/chenwei67/eapi/logger.go:138.2,140.18 3 0
github.com/chenwei67/eapi/logger.go:140.18,142.3 1 0
github.com/chenwei67/eapi/logger.go:144.2,145.37 2 0
github.com/chenwei67/eapi/logger.go:149.59,150.28 1 0
github.com/chenwei67/eapi/logger.go:150.28,152.3 1 0
github.com/chenwei67/eapi/logger.go:154.2,158.37 4 0
github.com/chenwei67/eapi/logger.go:162.59,163.28 1 0
github.com/chenwei67/eapi/logger.go:163.28,165.3 1 0
github.com/chenwei67/eapi/logger.go:167.2,171.35 4 0
github.com/chenwei67/eapi/logger.go:175.60,176.29 1 0
github.com/chenwei67/eapi/logger.go:176.29,178.3 1 0
github.com/chenwei67/eapi/logger.go:180.2,184.35 4 0
github.com/chenwei67/eapi/logger.go:188.66,189.18 1 0
github.com/chenwei67/eapi/logger.go:189.18,191.3 1 0
github.com/chenwei67/eapi/logger.go:191.8,194.3 2 0
github.com/chenwei67/eapi/logger.go:198.65,199.18 1 0
github.com/chenwei67/eapi/logger.go:199.18,201.3 1 0
github.com/chenwei67/eapi/logger.go:201.8,204.3 2 0
github.com/chenwei67/eapi/logger.go:211.40,213.2 1 0
github.com/chenwei67/eapi/logger.go:216.44,218.2 1 0
github.com/chenwei67/eapi/logger.go:221.44,223.2 1 0
github.com/chenwei67/eapi/logger.go:226.42,228.2 1 0
github.com/chenwei67/eapi/logger.go:231.32,233.2 1 0
github.com/chenwei67/eapi/logger.go:236.51,238.2 1 0
github.com/chenwei67/eapi/logger.go:240.50,242.2 1 0
github.com/chenwei67/eapi/logger.go:244.50,246.2 1 0
github.com/chenwei67/eapi/logger.go:248.51,250.2 1 0
github.com/chenwei67/eapi/logger.go:252.57,254.2 1 0
github.com/chenwei67/eapi/logger.go:256.56,258.2 1 0
github.com/chenwei67/eapi/mod.go:12.68,14.16 2 0
github.com/chenwei67/eapi/mod.go:14.16,16.3 1 0
github.com/chenwei67/eapi/mod.go:18.2,19.8 2 0
github.com/chenwei67/eapi/mod.go:22.61,24.36 1 0
github.com/chenwei67/eapi/mod.go:24.36,25.37 1 0
github.com/chenwei67/eapi/mod.go:25.37,27.4 1 0
github.com/chenwei67/eapi/mod.go:30.2,30.36 1 0
github.com/chenwei67/eapi/mod.go:30.36,31.37 1 0
github.com/chenwei67/eapi/mod.go:31.37,33.4 1 0
github.com/chenwei67/eapi/mod.go:36.2,36.12 1 0
github.com/chenwei67/eapi/param_parser.go:19.76,21.2 1 0
github.com/chenwei67/eapi/param_parser.go:24.71,25.29 1 0
github.com/chenwei67/eapi/param_parser.go:26.18,27.28 1 0
github.com/chenwei67/eapi/param_parser.go:28.21,29.25 1 0
github.com/chenwei67/eapi/param_parser.go:30.22,31.25 1 0
github.com/chenwei67/eapi/param_parser.go:32.25,33.27 1 0
github.com/chenwei67/eapi/param_parser.go:35.2,35.8 1 0
github.com/chenwei67/eapi/param_parser.go:38.78,40.14 2 0
github.com/chenwei67/eapi/param_parser.go:40.14,42.3 1 0
github.com/chenwei67/eapi/param_parser.go:44.2,44.23 1 0
github.com/chenwei67/eapi/param_parser.go:47.74,50.9 3 0
github.com/chenwei67/eapi/param_parser.go:50.9,52.3 1 0
github.com/chenwei67/eapi/param_parser.go:53.2,54.9 2 0
github.com/chenwei67/eapi/param_parser.go:54.9,56.3 1 0
github.com/chenwei67/eapi/param_parser.go:58.2,59.8 2 0
github.com/chenwei67/eapi/param_parser.go:62.94,63.47 1 0
github.com/chenwei67/eapi/param_parser.go:63.47,64.28 1 0
github.com/chenwei67/eapi/param_parser.go:64.28,66.4 1 0
github.com/chenwei67/eapi/param_parser.go:68.3,68.36 1 0
github.com/chenwei67/eapi/param_parser.go:68.36,71.4 2 0
github.com/chenwei67/eapi/param_parser.go:73.2,73.8 1 0
github.com/chenwei67/eapi/param_parser.go:76.93,81.45 4 0
github.com/chenwei67/eapi/param_parser.go:81.45,84.3 2 0
github.com/chenwei67/eapi/param_parser.go:87.2,88.21 2 0
github.com/chenwei67/eapi/param_parser.go:88.21,92.3 3 0
github.com/chenwei67/eapi/param_parser.go:94.2,94.8 1 0
github.com/chenwei67/eapi/param_parser.go:97.61,98.26 1 0
github.com/chenwei67/eapi/param_parser.go:99.18,104.15 5 0
github.com/chenwei67/eapi/param_parser.go:106.25,107.25 1 0
github.com/chenwei67/eapi/param_parser.go:109.22,112.39 3 0
github.com/chenwei67/eapi/param_parser.go:114.22,117.39 3 0
github.com/chenwei67/eapi/param_parser.go:119.21,120.23 1 0
github.com/chenwei67/eapi/param_parser.go:124.2,126.14 3 0
github.com/chenwei67/eapi/param_parser.go:129.70,131.21 2 0
github.com/chenwei67/eapi/param_parser.go:131.21,133.3 1 0
github.com/chenwei67/eapi/param_parser.go:135.2,136.14 2 0
github.com/chenwei67/eapi/param_parser.go:136.14,139.3 1 0
github.com/chenwei67/eapi/param_parser.go:141.2,141.29 1 0
github.com/chenwei67/eapi/param_parser.go:157.53,158.14 1 0
github.com/chenwei67/eapi/param_parser.go:161.18,162.19 1 0
github.com/chenwei67/eapi/param_parser.go:163.28,164.18 1 0
github.com/chenwei67/eapi/param_parser.go:165.14,166.19 1 0
github.com/chenwei67/eapi/param_parser.go:167.16,168.18 1 0
github.com/chenwei67/eapi/param_parser.go:171.2,171.11 1 0
github.com/chenwei67/eapi/param_parser.go:174.70,175.23 1 0
github.com/chenwei67/eapi/param_parser.go:176.20,177.36 1 0
github.com/chenwei67/eapi/param_parser.go:178.20,179.35 1 0
github.com/chenwei67/eapi/param_parser.go:182.2,182.15 1 0
github.com/chenwei67/eapi/param_parser.go:185.77,186.18 1 0
github.com/chenwei67/eapi/param_parser.go:187.18,188.23 1 0
github.com/chenwei67/eapi/param_parser.go:199.17,200.23 1 0
github.com/chenwei67/eapi/param_parser.go:204.20,205.22 1 0
github.com/chenwei67/eapi/param_parser.go:206.20,207.22 1 0
github.com/chenwei67/eapi/param_parser.go:211.2,211.15 1 0
github.com/chenwei67/eapi/route.go:22.50,28.2 1 0
github.com/chenwei67/eapi/route.go:30.56,31.18 1 0
github.com/chenwei67/eapi/route.go:32.22,33.31 1 0
github.com/chenwei67/eapi/route.go:34.23,35.32 1 0
github.com/chenwei67/eapi/route.go:36.23,37.32 1 0
github.com/chenwei67/eapi/route.go:38.22,39.31 1 0
github.com/chenwei67/eapi/route.go:40.24,41.33 1 0
github.com/chenwei67/eapi/route.go:42.25,43.34 1 0
github.com/chenwei67/eapi/route.go:44.26,45.35 1 0
github.com/chenwei67/eapi/route.go:46.24,47.33 1 0
github.com/chenwei67/eapi/route.go:51.43,53.2 1 0
github.com/chenwei67/eapi/route.go:57.35,59.2 1 0
github.com/chenwei67/eapi/route.go:66.28,74.2 4 0
github.com/chenwei67/eapi/route.go:77.74,81.25 4 0
github.com/chenwei67/eapi/route.go:81.25,84.3 1 0
github.com/chenwei67/eapi/route.go:87.67,88.20 1 0
github.com/chenwei67/eapi/route.go:88.20,89.26 1 0
github.com/chenwei67/eapi/route.go:89.26,91.4 1 0
github.com/chenwei67/eapi/route.go:92.3,92.22 1 0
github.com/chenwei67/eapi/route.go:92.22,94.4 1 0
github.com/chenwei67/eapi/route.go:95.3,95.23 1 0
github.com/chenwei67/eapi/route.go:95.23,97.4 1 0
github.com/chenwei67/eapi/route.go:98.3,98.26 1 0
github.com/chenwei67/eapi/route.go:98.26,100.4 1 0
github.com/chenwei67/eapi/route.go:101.3,101.27 1 0
github.com/chenwei67/eapi/route.go:101.27,103.4 1 0
github.com/chenwei67/eapi/route.go:104.3,104.20 1 0
github.com/chenwei67/eapi/route.go:104.20,106.4 1 0
github.com/chenwei67/eapi/route.go:107.3,107.24 1 0
github.com/chenwei67/eapi/route.go:107.24,109.4 1 0
github.com/chenwei67/eapi/route.go:111.2,111.22 1 0
github.com/chenwei67/eapi/route.go:111.22,113.3 1 0
github.com/chenwei67/eapi/route.go:114.2,114.23 1 0
github.com/chenwei67/eapi/route.go:114.23,116.3 1 0
github.com/chenwei67/eapi/schema_builder.go:36.72,41.2 1 0
github.com/chenwei67/eapi/schema_builder.go:43.102,45.2 1 0
github.com/chenwei67/eapi/schema_builder.go:47.84,50.2 2 0
github.com/chenwei67/eapi/schema_builder.go:52.48,55.2 2 0
github.com/chenwei67/eapi/schema_builder.go:57.75,59.22 2 0
github.com/chenwei67/eapi/schema_builder.go:59.22,61.3 1 0
github.com/chenwei67/eapi/schema_builder.go:62.2,64.24 2 0
github.com/chenwei67/eapi/schema_builder.go:64.24,68.34 4 0
github.com/chenwei67/eapi/schema_builder.go:68.34,70.4 1 0
github.com/chenwei67/eapi/schema_builder.go:73.2,73.18 1 0
github.com/chenwei67/eapi/schema_builder.go:76.72,78.25 2 0
github.com/chenwei67/eapi/schema_builder.go:78.25,79.43 1 0
github.com/chenwei67/eapi/schema_builder.go:79.43,80.37 1 0
github.com/chenwei67/eapi/schema_builder.go:80.37,86.5 1 0
github.com/chenwei67/eapi/schema_builder.go:90.2,91.19 2 0
github.com/chenwei67/eapi/schema_builder.go:91.19,93.3 1 0
github.com/chenwei67/eapi/schema_builder.go:94.2,94.25 1 0
github.com/chenwei67/eapi/schema_builder.go:94.25,96.3 1 0
github.com/chenwei67/eapi/schema_builder.go:98.2,100.22 3 0
github.com/chenwei67/eapi/schema_builder.go:100.22,102.3 1 0
github.com/chenwei67/eapi/schema_builder.go:103.2,103.15 1 0
github.com/chenwei67/eapi/schema_builder.go:106.80,109.2 2 0
github.com/chenwei67/eapi/schema_builder.go:111.77,115.2 3 0
github.com/chenwei67/eapi/schema_builder.go:117.75,118.29 1 0
github.com/chenwei67/eapi/schema_builder.go:119.21,120.31 1 0
github.com/chenwei67/eapi/schema_builder.go:122.23,123.29 1 0
github.com/chenwei67/eapi/schema_builder.go:125.21,126.29 1 0
github.com/chenwei67/eapi/schema_builder.go:128.18,129.28 1 0
github.com/chenwei67/eapi/schema_builder.go:131.25,132.31 1 0
github.com/chenwei67/eapi/schema_builder.go:134.20,141.35 2 0
github.com/chenwei67/eapi/schema_builder.go:143.22,144.61 1 0
github.com/chenwei67/eapi/schema_builder.go:146.22,147.59 1 0
github.com/chenwei67/eapi/schema_builder.go:149.22,150.29 1 0
github.com/chenwei67/eapi/schema_builder.go:152.25,153.32 1 0
github.com/chenwei67/eapi/schema_builder.go:155.26,156.104 1 0
github.com/chenwei67/eapi/schema_builder.go:158.21,159.31 1 0
github.com/chenwei67/eapi/schema_builder.go:161.22,162.32 1 0
github.com/chenwei67/eapi/schema_builder.go:164.26,165.36 1 0
github.com/chenwei67/eapi/schema_builder.go:169.2,170.83 2 0
github.com/chenwei67/eapi/schema_builder.go:173.75,174.19 1 0
github.com/chenwei67/eapi/schema_builder.go:175.17,176.28 1 0
github.com/chenwei67/eapi/schema_builder.go:177.19,178.32 1 0
github.com/chenwei67/eapi/schema_builder.go:179.18,180.32 1 0
github.com/chenwei67/eapi/schema_builder.go:181.18,182.31 1 0
github.com/chenwei67/eapi/schema_builder.go:183.20,184.31 1 0
github.com/chenwei67/eapi/schema_builder.go:187.2,188.83 2 0
github.com/chenwei67/eapi/schema_builder.go:191.75,196.25 4 0
github.com/chenwei67/eapi/schema_builder.go:196.25,198.3 1 0
github.com/chenwei67/eapi/schema_builder.go:200.2,200.41 1 0
github.com/chenwei67/eapi/schema_builder.go:200.41,202.23 2 0
github.com/chenwei67/eapi/schema_builder.go:202.23,203.12 1 0
github.com/chenwei67/eapi/schema_builder.go:206.3,206.28 1 0
github.com/chenwei67/eapi/schema_builder.go:206.28,208.26 2 0
github.com/chenwei67/eapi/schema_builder.go:208.26,211.27 2 0
github.com/chenwei67/eapi/schema_builder.go:211.27,212.54 1 0
github.com/chenwei67/eapi/schema_builder.go:212.54,214.7 1 0
github.com/chenwei67/eapi/schema_builder.go:219.3,219.36 1 0
github.com/chenwei67/eapi/schema_builder.go:219.36,220.26 1 0
github.com/chenwei67/eapi/schema_builder.go:220.26,221.13 1 0
github.com/chenwei67/eapi/schema_builder.go:223.4,224.26 2 0
github.com/chenwei67/eapi/schema_builder.go:224.26,226.13 2 0
github.com/chenwei67/eapi/schema_builder.go:228.4,229.23 2 0
github.com/chenwei67/eapi/schema_builder.go:229.23,230.13 1 0
github.com/chenwei67/eapi/schema_builder.go:233.4,233.22 1 0
github.com/chenwei67/eapi/schema_builder.go:233.22,235.27 2 0
github.com/chenwei67/eapi/schema_builder.go:235.27,237.6 1 0
github.com/chenwei67/eapi/schema_builder.go:239.4,239.45 1 0
github.com/chenwei67/eapi/schema_builder.go:243.2,243.15 1 0
github.com/chenwei67/eapi/schema_builder.go:246.69,248.14 2 0
github.com/chenwei67/eapi/schema_builder.go:248.14,250.3 1 0
github.com/chenwei67/eapi/schema_builder.go:251.2,251.23 1 0
github.com/chenwei67/eapi/schema_builder.go:275.70,276.23 1 0
github.com/chenwei67/eapi/schema_builder.go:277.20,278.45 1 0
github.com/chenwei67/eapi/schema_builder.go:278.45,280.4 1 0
github.com/chenwei67/eapi/schema_builder.go:281.3,283.10 3 0
github.com/chenwei67/eapi/schema_builder.go:283.10,285.4 1 0
github.com/chenwei67/eapi/schema_builder.go:286.3,286.28 1 0
github.com/chenwei67/eapi/schema_builder.go:288.22,289.36 1 0
github.com/chenwei67/eapi/schema_builder.go:292.2,292.12 1 0
github.com/chenwei67/eapi/schema_builder.go:295.83,297.2 1 0
github.com/chenwei67/eapi/schema_builder.go:299.111,300.30 1 0
github.com/chenwei67/eapi/schema_builder.go:300.30,302.3 1 0
github.com/chenwei67/eapi/schema_builder.go:304.2,304.22 1 0
github.com/chenwei67/eapi/schema_builder.go:304.22,306.3 1 0
github.com/chenwei67/eapi/schema_builder.go:308.2,310.21 3 0
github.com/chenwei67/eapi/schema_builder.go:311.20,312.26 1 0
github.com/chenwei67/eapi/schema_builder.go:313.39,314.25 1 0
github.com/chenwei67/eapi/schema_builder.go:315.48,316.26 1 0
github.com/chenwei67/eapi/schema_builder.go:318.2,318.20 1 0
github.com/chenwei67/eapi/schema_builder.go:318.20,320.3 1 0
github.com/chenwei67/eapi/schema_builder.go:322.2,323.8 2 0
github.com/chenwei67/eapi/schema_builder.go:326.64,327.14 1 0
github.com/chenwei67/eapi/schema_builder.go:329.40,330.33 1 0
github.com/chenwei67/eapi/schema_builder.go:331.22,332.31 1 0
github.com/chenwei67/eapi/schema_builder.go:333.28,334.33 1 0
github.com/chenwei67/eapi/schema_builder.go:335.14,336.30 1 0
github.com/chenwei67/eapi/schema_builder.go:337.16,338.32 1 0
github.com/chenwei67/eapi/schema_builder.go:341.2,341.12 1 0
github.com/chenwei67/eapi/schema_builder.go:344.57,346.2 1 0
github.com/chenwei67/eapi/schema_builder.go:348.65,351.23 2 0
github.com/chenwei67/eapi/schema_builder.go:352.20,353.31 1 0
github.com/chenwei67/eapi/schema_builder.go:354.24,357.56 1 0
github.com/chenwei67/eapi/schema_builder.go:358.24,359.67 1 0
github.com/chenwei67/eapi/schema_builder.go:360.20,361.61 1 0
github.com/chenwei67/eapi/schema_builder.go:362.20,363.61 1 0
github.com/chenwei67/eapi/schema_builder.go:364.22,365.31 1 0
github.com/chenwei67/eapi/schema_builder.go:366.18,372.12 3 0
github.com/chenwei67/eapi/schema_builder.go:373.20,376.21 2 0
github.com/chenwei67/eapi/schema_builder.go:376.21,378.36 2 0
github.com/chenwei67/eapi/schema_builder.go:378.36,380.5 1 0
github.com/chenwei67/eapi/schema_builder.go:382.10,382.10 0 0
github.com/chenwei67/eapi/schema_builder.go:386.2,387.19 2 0
github.com/chenwei67/eapi/schema_builder.go:387.19,389.3 1 0
github.com/chenwei67/eapi/schema_builder.go:391.2,393.9 3 0
github.com/chenwei67/eapi/schema_builder.go:393.9,395.29 2 0
github.com/chenwei67/eapi/schema_builder.go:395.29,397.4 1 0
github.com/chenwei67/eapi/schema_builder.go:398.3,398.26 1 0
github.com/chenwei67/eapi/schema_builder.go:398.26,400.4 1 0
github.com/chenwei67/eapi/schema_builder.go:401.3,402.78 2 0
github.com/chenwei67/eapi/schema_builder.go:405.2,407.32 3 0
github.com/chenwei67/eapi/schema_builder.go:407.32,409.3 1 0
github.com/chenwei67/eapi/schema_builder.go:411.2,412.19 2 0
github.com/chenwei67/eapi/schema_builder.go:412.19,421.3 4 0
github.com/chenwei67/eapi/schema_builder.go:423.2,424.23 2 0
github.com/chenwei67/eapi/schema_builder.go:424.23,426.3 1 0
github.com/chenwei67/eapi/schema_builder.go:427.2,427.18 1 0
github.com/chenwei67/eapi/schema_builder.go:430.72,432.49 1 0
github.com/chenwei67/eapi/schema_builder.go:432.49,434.3 1 0
github.com/chenwei67/eapi/schema_builder.go:437.2,438.75 2 0
github.com/chenwei67/eapi/schema_builder.go:441.75,444.2 2 0
github.com/chenwei67/eapi/schema_builder.go:446.77,448.31 2 0
github.com/chenwei67/eapi/schema_builder.go:448.31,451.3 2 0
github.com/chenwei67/eapi/schema_builder.go:451.8,453.3 1 0
github.com/chenwei67/eapi/schema_builder.go:454.2,455.24 2 0
github.com/chenwei67/eapi/schema_builder.go:455.24,457.3 1 0
github.com/chenwei67/eapi/schema_builder.go:459.2,459.101 1 0
github.com/chenwei67/eapi/schema_builder.go:462.85,464.37 2 0
github.com/chenwei67/eapi/schema_builder.go:464.37,466.27 2 0
github.com/chenwei67/eapi/schema_builder.go:466.27,469.4 2 0
github.com/chenwei67/eapi/schema_builder.go:469.9,471.4 1 0
github.com/chenwei67/eapi/schema_builder.go:472.3,472.39 1 0
github.com/chenwei67/eapi/schema_builder.go:474.2,475.24 2 0
github.com/chenwei67/eapi/schema_builder.go:475.24,477.3 1 0
github.com/chenwei67/eapi/schema_builder.go:479.2,479.105 1 0
github.com/chenwei67/eapi/schema_builder.go:482.58,484.23 2 0
github.com/chenwei67/eapi/schema_builder.go:485.20,486.18 1 0
github.com/chenwei67/eapi/schema_builder.go:487.10,489.17 2 0
github.com/chenwei67/eapi/schema_builder.go:489.17,492.4 2 0
github.com/chenwei67/eapi/schema_builder.go:493.3,493.42 1 0
github.com/chenwei67/eapi/schema_builder.go:498.58,502.2 3 0
github.com/chenwei67/eapi/stack.go:5.30,7.2 1 0
github.com/chenwei67/eapi/stack.go:9.29,10.18 1 0
github.com/chenwei67/eapi/stack.go:10.18,12.3 1 0
github.com/chenwei67/eapi/stack.go:14.2,16.13 3 0
github.com/chenwei67/eapi/utils.go:17.84,18.17 1 0
github.com/chenwei67/eapi/utils.go:18.17,20.3 1 0
github.com/chenwei67/eapi/utils.go:22.2,22.32 1 0
github.com/chenwei67/eapi/utils.go:22.32,24.3 1 0
github.com/chenwei67/eapi/utils.go:27.54,31.2 3 0
github.com/chenwei67/eapi/utils.go:33.63,36.16 3 0
github.com/chenwei67/eapi/utils.go:36.16,38.3 1 0
github.com/chenwei67/eapi/utils.go:40.2,41.16 2 0
github.com/chenwei67/eapi/utils.go:41.16,43.3 1 0
github.com/chenwei67/eapi/utils.go:45.2,45.8 1 0
github.com/chenwei67/eapi/utils.go:48.68,49.18 1 0
github.com/chenwei67/eapi/utils.go:50.18,51.26 1 0
github.com/chenwei67/eapi/utils.go:52.68,54.13 2 0
github.com/chenwei67/eapi/utils.go:55.73,57.13 2 0
github.com/chenwei67/eapi/utils.go:58.36,59.29 1 0
github.com/chenwei67/eapi/utils.go:60.20,61.33 1 0
github.com/chenwei67/eapi/utils.go:62.10,63.13 1 0
